# JRE version: OpenJDK Runtime Environment (11.0.12+7) (build 11.0.12+7-b1504.28-7817840)
# Java VM: OpenJDK 64-Bit Server VM (11.0.12+7-b1504.28-7817840, mixed mode, tiered, compressed oops, g1 gc, windows-amd64)
Heap:
 garbage-first heap   total 494592K, used 230912K [0x0000000080000000, 0x0000000100000000)
  region size 1024K, 3 young (3072K), 3 survivors (3072K)
 Metaspace       used 144083K, capacity 147872K, committed 148044K, reserved 1177600K
  class space    used 17796K, capacity 19223K, committed 19276K, reserved 1048576K
GC Heap History (20 events):
Event: 1726.322 GC heap after
{Heap after GC invocations=90 (full 0):
 garbage-first heap   total 400384K, used 168131K [0x0000000080000000, 0x0000000100000000)
  region size 1024K, 7 young (7168K), 7 survivors (7168K)
 Metaspace       used 141163K, capacity 144807K, committed 144972K, reserved 1175552K
  class space    used 17530K, capacity 18907K, committed 19020K, reserved 1048576K
}
Event: 1728.071 GC heap before
{Heap before GC invocations=90 (full 0):
 garbage-first heap   total 400384K, used 283843K [0x0000000080000000, 0x0000000100000000)
  region size 1024K, 121 young (123904K), 7 survivors (7168K)
 Metaspace       used 141404K, capacity 145022K, committed 145228K, reserved 1175552K
  class space    used 17541K, capacity 18912K, committed 19020K, reserved 1048576K
}
Event: 1728.089 GC heap after
{Heap after GC invocations=91 (full 0):
 garbage-first heap   total 400384K, used 170666K [0x0000000080000000, 0x0000000100000000)
  region size 1024K, 9 young (9216K), 9 survivors (9216K)
 Metaspace       used 141404K, capacity 145022K, committed 145228K, reserved 1175552K
  class space    used 17541K, capacity 18912K, committed 19020K, reserved 1048576K
}
Event: 1728.822 GC heap before
{Heap before GC invocations=91 (full 0):
 garbage-first heap   total 400384K, used 302762K [0x0000000080000000, 0x0000000100000000)
  region size 1024K, 138 young (141312K), 9 survivors (9216K)
 Metaspace       used 141525K, capacity 145106K, committed 145228K, reserved 1175552K
  class space    used 17550K, capacity 18916K, committed 19020K, reserved 1048576K
}
Event: 1728.836 GC heap after
{Heap after GC invocations=92 (full 0):
 garbage-first heap   total 400384K, used 170422K [0x0000000080000000, 0x0000000100000000)
  region size 1024K, 9 young (9216K), 9 survivors (9216K)
 Metaspace       used 141525K, capacity 145106K, committed 145228K, reserved 1175552K
  class space    used 17550K, capacity 18916K, committed 19020K, reserved 1048576K
}
Event: 1729.930 GC heap before
{Heap before GC invocations=92 (full 0):
 garbage-first heap   total 400384K, used 310710K [0x0000000080000000, 0x0000000100000000)
  region size 1024K, 146 young (149504K), 9 survivors (9216K)
 Metaspace       used 141691K, capacity 145275K, committed 145484K, reserved 1175552K
  class space    used 17553K, capacity 18922K, committed 19020K, reserved 1048576K
}
Event: 1729.943 GC heap after
{Heap after GC invocations=93 (full 0):
 garbage-first heap   total 400384K, used 169421K [0x0000000080000000, 0x0000000100000000)
  region size 1024K, 8 young (8192K), 8 survivors (8192K)
 Metaspace       used 141691K, capacity 145275K, committed 145484K, reserved 1175552K
  class space    used 17553K, capacity 18922K, committed 19020K, reserved 1048576K
}
Event: 1731.479 GC heap before
{Heap before GC invocations=93 (full 0):
 garbage-first heap   total 400384K, used 328141K [0x0000000080000000, 0x0000000100000000)
  region size 1024K, 163 young (166912K), 8 survivors (8192K)
 Metaspace       used 141729K, capacity 145341K, committed 145484K, reserved 1175552K
  class space    used 17553K, capacity 18922K, committed 19020K, reserved 1048576K
}
Event: 1731.494 GC heap after
{Heap after GC invocations=94 (full 0):
 garbage-first heap   total 400384K, used 169642K [0x0000000080000000, 0x0000000100000000)
  region size 1024K, 8 young (8192K), 8 survivors (8192K)
 Metaspace       used 141729K, capacity 145341K, committed 145484K, reserved 1175552K
  class space    used 17553K, capacity 18922K, committed 19020K, reserved 1048576K
}
Event: 1733.041 GC heap before
{Heap before GC invocations=94 (full 0):
 garbage-first heap   total 400384K, used 331434K [0x0000000080000000, 0x0000000100000000)
  region size 1024K, 166 young (169984K), 8 survivors (8192K)
 Metaspace       used 141767K, capacity 145349K, committed 145484K, reserved 1175552K
  class space    used 17558K, capacity 18925K, committed 19020K, reserved 1048576K
}
Event: 1733.065 GC heap after
{Heap after GC invocations=95 (full 0):
 garbage-first heap   total 400384K, used 170009K [0x0000000080000000, 0x0000000100000000)
  region size 1024K, 9 young (9216K), 9 survivors (9216K)
 Metaspace       used 141767K, capacity 145349K, committed 145484K, reserved 1175552K
  class space    used 17558K, capacity 18925K, committed 19020K, reserved 1048576K
}
Event: 1735.205 GC heap before
{Heap before GC invocations=95 (full 0):
 garbage-first heap   total 400384K, used 333849K [0x0000000080000000, 0x0000000100000000)
  region size 1024K, 169 young (173056K), 9 survivors (9216K)
 Metaspace       used 141805K, capacity 145416K, committed 145740K, reserved 1175552K
  class space    used 17559K, capacity 18926K, committed 19020K, reserved 1048576K
}
Event: 1735.275 GC heap after
{Heap after GC invocations=96 (full 0):
 garbage-first heap   total 400384K, used 170666K [0x0000000080000000, 0x0000000100000000)
  region size 1024K, 9 young (9216K), 9 survivors (9216K)
 Metaspace       used 141805K, capacity 145416K, committed 145740K, reserved 1175552K
  class space    used 17559K, capacity 18926K, committed 19020K, reserved 1048576K
}
Event: 1737.613 GC heap before
{Heap before GC invocations=96 (full 0):
 garbage-first heap   total 400384K, used 340650K [0x0000000080000000, 0x0000000100000000)
  region size 1024K, 175 young (179200K), 9 survivors (9216K)
 Metaspace       used 141881K, capacity 145507K, committed 145740K, reserved 1175552K
  class space    used 17559K, capacity 18926K, committed 19020K, reserved 1048576K
}
Event: 1737.653 GC heap after
{Heap after GC invocations=97 (full 0):
 garbage-first heap   total 400384K, used 171070K [0x0000000080000000, 0x0000000100000000)
  region size 1024K, 10 young (10240K), 10 survivors (10240K)
 Metaspace       used 141881K, capacity 145507K, committed 145740K, reserved 1175552K
  class space    used 17559K, capacity 18926K, committed 19020K, reserved 1048576K
}
Event: 1746.798 GC heap before
{Heap before GC invocations=97 (full 0):
 garbage-first heap   total 400384K, used 343102K [0x0000000080000000, 0x0000000100000000)
  region size 1024K, 177 young (181248K), 10 survivors (10240K)
 Metaspace       used 142649K, capacity 146440K, committed 146636K, reserved 1177600K
  class space    used 17651K, capacity 19070K, committed 19148K, reserved 1048576K
}
Event: 1746.866 GC heap after
{Heap after GC invocations=98 (full 0):
 garbage-first heap   total 400384K, used 170525K [0x0000000080000000, 0x0000000100000000)
  region size 1024K, 9 young (9216K), 9 survivors (9216K)
 Metaspace       used 142649K, capacity 146440K, committed 146636K, reserved 1177600K
  class space    used 17651K, capacity 19070K, committed 19148K, reserved 1048576K
}
Event: 1751.835 GC heap before
{Heap before GC invocations=98 (full 0):
 garbage-first heap   total 400384K, used 367133K [0x0000000080000000, 0x0000000100000000)
  region size 1024K, 181 young (185344K), 9 survivors (9216K)
 Metaspace       used 144030K, capacity 147789K, committed 148044K, reserved 1177600K
  class space    used 17793K, capacity 19218K, committed 19276K, reserved 1048576K
}
Event: 1752.321 GC heap after
{Heap after GC invocations=99 (full 0):
 garbage-first heap   total 427008K, used 226801K [0x0000000080000000, 0x0000000100000000)
  region size 1024K, 23 young (23552K), 23 survivors (23552K)
 Metaspace       used 144030K, capacity 147789K, committed 148044K, reserved 1177600K
  class space    used 17793K, capacity 19218K, committed 19276K, reserved 1048576K
}
Event: 1752.651 GC heap before
{Heap before GC invocations=99 (full 0):
 garbage-first heap   total 427008K, used 244209K [0x0000000080000000, 0x0000000100000000)
  region size 1024K, 40 young (40960K), 23 survivors (23552K)
 Metaspace       used 144083K, capacity 147872K, committed 148044K, reserved 1177600K
  class space    used 17796K, capacity 19223K, committed 19276K, reserved 1048576K
}

